{
	"Name": "Poll",
	"SpanContext": {
		"TraceID": "383567360f3b4d57a7f5e806210bc027",
		"SpanID": "e67850f7405ec422",
		"TraceFlags": "01",
		"TraceState": "",
		"Remote": false
	},
	"Parent": {
		"TraceID": "383567360f3b4d57a7f5e806210bc027",
		"SpanID": "43d7bb3bb6a2346b",
		"TraceFlags": "01",
		"TraceState": "",
		"Remote": false
	},
	"SpanKind": 1,
	"StartTime": "0001-01-01T00:00:00Z",
	"EndTime": "0001-01-01T00:00:00Z",
	"Attributes": [
		{
			"Key": "request.number",
			"Value": {
				"Type": "STRING",
				"Value": "12"
			}
		}
	],
	"Events": null,
	"Links": null,
	"Status": {
		"Code": "Unset",
		"Description": ""
	},
	"DroppedAttributes": 0,
	"DroppedEvents": 0,
	"DroppedLinks": 0,
	"ChildSpanCount": 0,
	"Resource": [
		{
			"Key": "environment",
			"Value": {
				"Type": "STRING",
				"Value": "demo"
			}
		},
		{
			"Key": "service.name",
			"Value": {
				"Type": "STRING",
				"Value": "fib"
			}
		},
		{
			"Key": "service.version",
			"Value": {
				"Type": "STRING",
				"Value": "v0.1.0"
			}
		},
		{
			"Key": "telemetry.sdk.language",
			"Value": {
				"Type": "STRING",
				"Value": "go"
			}
		},
		{
			"Key": "telemetry.sdk.name",
			"Value": {
				"Type": "STRING",
				"Value": "opentelemetry"
			}
		},
		{
			"Key": "telemetry.sdk.version",
			"Value": {
				"Type": "STRING",
				"Value": "1.11.1"
			}
		}
	],
	"InstrumentationLibrary": {
		"Name": "fib",
		"Version": "",
		"SchemaURL": ""
	}
}
{
	"Name": "Fibonacci",
	"SpanContext": {
		"TraceID": "383567360f3b4d57a7f5e806210bc027",
		"SpanID": "06e75dd55d861011",
		"TraceFlags": "01",
		"TraceState": "",
		"Remote": false
	},
	"Parent": {
		"TraceID": "383567360f3b4d57a7f5e806210bc027",
		"SpanID": "af00777c29cad9e9",
		"TraceFlags": "01",
		"TraceState": "",
		"Remote": false
	},
	"SpanKind": 1,
	"StartTime": "0001-01-01T00:00:00Z",
	"EndTime": "0001-01-01T00:00:00Z",
	"Attributes": null,
	"Events": null,
	"Links": null,
	"Status": {
		"Code": "Unset",
		"Description": ""
	},
	"DroppedAttributes": 0,
	"DroppedEvents": 0,
	"DroppedLinks": 0,
	"ChildSpanCount": 0,
	"Resource": [
		{
			"Key": "environment",
			"Value": {
				"Type": "STRING",
				"Value": "demo"
			}
		},
		{
			"Key": "service.name",
			"Value": {
				"Type": "STRING",
				"Value": "fib"
			}
		},
		{
			"Key": "service.version",
			"Value": {
				"Type": "STRING",
				"Value": "v0.1.0"
			}
		},
		{
			"Key": "telemetry.sdk.language",
			"Value": {
				"Type": "STRING",
				"Value": "go"
			}
		},
		{
			"Key": "telemetry.sdk.name",
			"Value": {
				"Type": "STRING",
				"Value": "opentelemetry"
			}
		},
		{
			"Key": "telemetry.sdk.version",
			"Value": {
				"Type": "STRING",
				"Value": "1.11.1"
			}
		}
	],
	"InstrumentationLibrary": {
		"Name": "fib",
		"Version": "",
		"SchemaURL": ""
	}
}
{
	"Name": "Write",
	"SpanContext": {
		"TraceID": "383567360f3b4d57a7f5e806210bc027",
		"SpanID": "af00777c29cad9e9",
		"TraceFlags": "01",
		"TraceState": "",
		"Remote": false
	},
	"Parent": {
		"TraceID": "383567360f3b4d57a7f5e806210bc027",
		"SpanID": "43d7bb3bb6a2346b",
		"TraceFlags": "01",
		"TraceState": "",
		"Remote": false
	},
	"SpanKind": 1,
	"StartTime": "0001-01-01T00:00:00Z",
	"EndTime": "0001-01-01T00:00:00Z",
	"Attributes": null,
	"Events": null,
	"Links": null,
	"Status": {
		"Code": "Unset",
		"Description": ""
	},
	"DroppedAttributes": 0,
	"DroppedEvents": 0,
	"DroppedLinks": 0,
	"ChildSpanCount": 1,
	"Resource": [
		{
			"Key": "environment",
			"Value": {
				"Type": "STRING",
				"Value": "demo"
			}
		},
		{
			"Key": "service.name",
			"Value": {
				"Type": "STRING",
				"Value": "fib"
			}
		},
		{
			"Key": "service.version",
			"Value": {
				"Type": "STRING",
				"Value": "v0.1.0"
			}
		},
		{
			"Key": "telemetry.sdk.language",
			"Value": {
				"Type": "STRING",
				"Value": "go"
			}
		},
		{
			"Key": "telemetry.sdk.name",
			"Value": {
				"Type": "STRING",
				"Value": "opentelemetry"
			}
		},
		{
			"Key": "telemetry.sdk.version",
			"Value": {
				"Type": "STRING",
				"Value": "1.11.1"
			}
		}
	],
	"InstrumentationLibrary": {
		"Name": "fib",
		"Version": "",
		"SchemaURL": ""
	}
}
{
	"Name": "Run",
	"SpanContext": {
		"TraceID": "383567360f3b4d57a7f5e806210bc027",
		"SpanID": "43d7bb3bb6a2346b",
		"TraceFlags": "01",
		"TraceState": "",
		"Remote": false
	},
	"Parent": {
		"TraceID": "00000000000000000000000000000000",
		"SpanID": "0000000000000000",
		"TraceFlags": "00",
		"TraceState": "",
		"Remote": false
	},
	"SpanKind": 1,
	"StartTime": "0001-01-01T00:00:00Z",
	"EndTime": "0001-01-01T00:00:00Z",
	"Attributes": null,
	"Events": null,
	"Links": null,
	"Status": {
		"Code": "Unset",
		"Description": ""
	},
	"DroppedAttributes": 0,
	"DroppedEvents": 0,
	"DroppedLinks": 0,
	"ChildSpanCount": 2,
	"Resource": [
		{
			"Key": "environment",
			"Value": {
				"Type": "STRING",
				"Value": "demo"
			}
		},
		{
			"Key": "service.name",
			"Value": {
				"Type": "STRING",
				"Value": "fib"
			}
		},
		{
			"Key": "service.version",
			"Value": {
				"Type": "STRING",
				"Value": "v0.1.0"
			}
		},
		{
			"Key": "telemetry.sdk.language",
			"Value": {
				"Type": "STRING",
				"Value": "go"
			}
		},
		{
			"Key": "telemetry.sdk.name",
			"Value": {
				"Type": "STRING",
				"Value": "opentelemetry"
			}
		},
		{
			"Key": "telemetry.sdk.version",
			"Value": {
				"Type": "STRING",
				"Value": "1.11.1"
			}
		}
	],
	"InstrumentationLibrary": {
		"Name": "fib",
		"Version": "",
		"SchemaURL": ""
	}
}
{
	"Name": "Poll",
	"SpanContext": {
		"TraceID": "eef84a2439b9b8d543d331e602511678",
		"SpanID": "8fa18a4239ef4d48",
		"TraceFlags": "01",
		"TraceState": "",
		"Remote": false
	},
	"Parent": {
		"TraceID": "eef84a2439b9b8d543d331e602511678",
		"SpanID": "d8ec662e1094d3d0",
		"TraceFlags": "01",
		"TraceState": "",
		"Remote": false
	},
	"SpanKind": 1,
	"StartTime": "0001-01-01T00:00:00Z",
	"EndTime": "0001-01-01T00:00:00Z",
	"Attributes": [
		{
			"Key": "request.number",
			"Value": {
				"Type": "STRING",
				"Value": "122"
			}
		}
	],
	"Events": null,
	"Links": null,
	"Status": {
		"Code": "Unset",
		"Description": ""
	},
	"DroppedAttributes": 0,
	"DroppedEvents": 0,
	"DroppedLinks": 0,
	"ChildSpanCount": 0,
	"Resource": [
		{
			"Key": "environment",
			"Value": {
				"Type": "STRING",
				"Value": "demo"
			}
		},
		{
			"Key": "service.name",
			"Value": {
				"Type": "STRING",
				"Value": "fib"
			}
		},
		{
			"Key": "service.version",
			"Value": {
				"Type": "STRING",
				"Value": "v0.1.0"
			}
		},
		{
			"Key": "telemetry.sdk.language",
			"Value": {
				"Type": "STRING",
				"Value": "go"
			}
		},
		{
			"Key": "telemetry.sdk.name",
			"Value": {
				"Type": "STRING",
				"Value": "opentelemetry"
			}
		},
		{
			"Key": "telemetry.sdk.version",
			"Value": {
				"Type": "STRING",
				"Value": "1.11.1"
			}
		}
	],
	"InstrumentationLibrary": {
		"Name": "fib",
		"Version": "",
		"SchemaURL": ""
	}
}
{
	"Name": "Fibonacci",
	"SpanContext": {
		"TraceID": "eef84a2439b9b8d543d331e602511678",
		"SpanID": "4f67ec3647961fde",
		"TraceFlags": "01",
		"TraceState": "",
		"Remote": false
	},
	"Parent": {
		"TraceID": "eef84a2439b9b8d543d331e602511678",
		"SpanID": "f4484407446dca2f",
		"TraceFlags": "01",
		"TraceState": "",
		"Remote": false
	},
	"SpanKind": 1,
	"StartTime": "0001-01-01T00:00:00Z",
	"EndTime": "0001-01-01T00:00:00Z",
	"Attributes": null,
	"Events": null,
	"Links": null,
	"Status": {
		"Code": "Unset",
		"Description": ""
	},
	"DroppedAttributes": 0,
	"DroppedEvents": 0,
	"DroppedLinks": 0,
	"ChildSpanCount": 0,
	"Resource": [
		{
			"Key": "environment",
			"Value": {
				"Type": "STRING",
				"Value": "demo"
			}
		},
		{
			"Key": "service.name",
			"Value": {
				"Type": "STRING",
				"Value": "fib"
			}
		},
		{
			"Key": "service.version",
			"Value": {
				"Type": "STRING",
				"Value": "v0.1.0"
			}
		},
		{
			"Key": "telemetry.sdk.language",
			"Value": {
				"Type": "STRING",
				"Value": "go"
			}
		},
		{
			"Key": "telemetry.sdk.name",
			"Value": {
				"Type": "STRING",
				"Value": "opentelemetry"
			}
		},
		{
			"Key": "telemetry.sdk.version",
			"Value": {
				"Type": "STRING",
				"Value": "1.11.1"
			}
		}
	],
	"InstrumentationLibrary": {
		"Name": "fib",
		"Version": "",
		"SchemaURL": ""
	}
}
{
	"Name": "Write",
	"SpanContext": {
		"TraceID": "eef84a2439b9b8d543d331e602511678",
		"SpanID": "f4484407446dca2f",
		"TraceFlags": "01",
		"TraceState": "",
		"Remote": false
	},
	"Parent": {
		"TraceID": "eef84a2439b9b8d543d331e602511678",
		"SpanID": "d8ec662e1094d3d0",
		"TraceFlags": "01",
		"TraceState": "",
		"Remote": false
	},
	"SpanKind": 1,
	"StartTime": "0001-01-01T00:00:00Z",
	"EndTime": "0001-01-01T00:00:00Z",
	"Attributes": null,
	"Events": null,
	"Links": null,
	"Status": {
		"Code": "Unset",
		"Description": ""
	},
	"DroppedAttributes": 0,
	"DroppedEvents": 0,
	"DroppedLinks": 0,
	"ChildSpanCount": 1,
	"Resource": [
		{
			"Key": "environment",
			"Value": {
				"Type": "STRING",
				"Value": "demo"
			}
		},
		{
			"Key": "service.name",
			"Value": {
				"Type": "STRING",
				"Value": "fib"
			}
		},
		{
			"Key": "service.version",
			"Value": {
				"Type": "STRING",
				"Value": "v0.1.0"
			}
		},
		{
			"Key": "telemetry.sdk.language",
			"Value": {
				"Type": "STRING",
				"Value": "go"
			}
		},
		{
			"Key": "telemetry.sdk.name",
			"Value": {
				"Type": "STRING",
				"Value": "opentelemetry"
			}
		},
		{
			"Key": "telemetry.sdk.version",
			"Value": {
				"Type": "STRING",
				"Value": "1.11.1"
			}
		}
	],
	"InstrumentationLibrary": {
		"Name": "fib",
		"Version": "",
		"SchemaURL": ""
	}
}
{
	"Name": "Run",
	"SpanContext": {
		"TraceID": "eef84a2439b9b8d543d331e602511678",
		"SpanID": "d8ec662e1094d3d0",
		"TraceFlags": "01",
		"TraceState": "",
		"Remote": false
	},
	"Parent": {
		"TraceID": "00000000000000000000000000000000",
		"SpanID": "0000000000000000",
		"TraceFlags": "00",
		"TraceState": "",
		"Remote": false
	},
	"SpanKind": 1,
	"StartTime": "0001-01-01T00:00:00Z",
	"EndTime": "0001-01-01T00:00:00Z",
	"Attributes": null,
	"Events": null,
	"Links": null,
	"Status": {
		"Code": "Unset",
		"Description": ""
	},
	"DroppedAttributes": 0,
	"DroppedEvents": 0,
	"DroppedLinks": 0,
	"ChildSpanCount": 2,
	"Resource": [
		{
			"Key": "environment",
			"Value": {
				"Type": "STRING",
				"Value": "demo"
			}
		},
		{
			"Key": "service.name",
			"Value": {
				"Type": "STRING",
				"Value": "fib"
			}
		},
		{
			"Key": "service.version",
			"Value": {
				"Type": "STRING",
				"Value": "v0.1.0"
			}
		},
		{
			"Key": "telemetry.sdk.language",
			"Value": {
				"Type": "STRING",
				"Value": "go"
			}
		},
		{
			"Key": "telemetry.sdk.name",
			"Value": {
				"Type": "STRING",
				"Value": "opentelemetry"
			}
		},
		{
			"Key": "telemetry.sdk.version",
			"Value": {
				"Type": "STRING",
				"Value": "1.11.1"
			}
		}
	],
	"InstrumentationLibrary": {
		"Name": "fib",
		"Version": "",
		"SchemaURL": ""
	}
}
{
	"Name": "Poll",
	"SpanContext": {
		"TraceID": "55a4771e33da8f6cf72d13fff7228f02",
		"SpanID": "da495a20a67c4205",
		"TraceFlags": "01",
		"TraceState": "",
		"Remote": false
	},
	"Parent": {
		"TraceID": "55a4771e33da8f6cf72d13fff7228f02",
		"SpanID": "afff10c0c8abed5e",
		"TraceFlags": "01",
		"TraceState": "",
		"Remote": false
	},
	"SpanKind": 1,
	"StartTime": "0001-01-01T00:00:00Z",
	"EndTime": "0001-01-01T00:00:00Z",
	"Attributes": [
		{
			"Key": "request.number",
			"Value": {
				"Type": "STRING",
				"Value": "26556"
			}
		}
	],
	"Events": null,
	"Links": null,
	"Status": {
		"Code": "Unset",
		"Description": ""
	},
	"DroppedAttributes": 0,
	"DroppedEvents": 0,
	"DroppedLinks": 0,
	"ChildSpanCount": 0,
	"Resource": [
		{
			"Key": "environment",
			"Value": {
				"Type": "STRING",
				"Value": "demo"
			}
		},
		{
			"Key": "service.name",
			"Value": {
				"Type": "STRING",
				"Value": "fib"
			}
		},
		{
			"Key": "service.version",
			"Value": {
				"Type": "STRING",
				"Value": "v0.1.0"
			}
		},
		{
			"Key": "telemetry.sdk.language",
			"Value": {
				"Type": "STRING",
				"Value": "go"
			}
		},
		{
			"Key": "telemetry.sdk.name",
			"Value": {
				"Type": "STRING",
				"Value": "opentelemetry"
			}
		},
		{
			"Key": "telemetry.sdk.version",
			"Value": {
				"Type": "STRING",
				"Value": "1.11.1"
			}
		}
	],
	"InstrumentationLibrary": {
		"Name": "fib",
		"Version": "",
		"SchemaURL": ""
	}
}
{
	"Name": "Fibonacci",
	"SpanContext": {
		"TraceID": "55a4771e33da8f6cf72d13fff7228f02",
		"SpanID": "d043a65a0bd41972",
		"TraceFlags": "01",
		"TraceState": "",
		"Remote": false
	},
	"Parent": {
		"TraceID": "55a4771e33da8f6cf72d13fff7228f02",
		"SpanID": "d9aadd91a2fc122f",
		"TraceFlags": "01",
		"TraceState": "",
		"Remote": false
	},
	"SpanKind": 1,
	"StartTime": "0001-01-01T00:00:00Z",
	"EndTime": "0001-01-01T00:00:00Z",
	"Attributes": null,
	"Events": null,
	"Links": null,
	"Status": {
		"Code": "Unset",
		"Description": ""
	},
	"DroppedAttributes": 0,
	"DroppedEvents": 0,
	"DroppedLinks": 0,
	"ChildSpanCount": 0,
	"Resource": [
		{
			"Key": "environment",
			"Value": {
				"Type": "STRING",
				"Value": "demo"
			}
		},
		{
			"Key": "service.name",
			"Value": {
				"Type": "STRING",
				"Value": "fib"
			}
		},
		{
			"Key": "service.version",
			"Value": {
				"Type": "STRING",
				"Value": "v0.1.0"
			}
		},
		{
			"Key": "telemetry.sdk.language",
			"Value": {
				"Type": "STRING",
				"Value": "go"
			}
		},
		{
			"Key": "telemetry.sdk.name",
			"Value": {
				"Type": "STRING",
				"Value": "opentelemetry"
			}
		},
		{
			"Key": "telemetry.sdk.version",
			"Value": {
				"Type": "STRING",
				"Value": "1.11.1"
			}
		}
	],
	"InstrumentationLibrary": {
		"Name": "fib",
		"Version": "",
		"SchemaURL": ""
	}
}
{
	"Name": "Write",
	"SpanContext": {
		"TraceID": "55a4771e33da8f6cf72d13fff7228f02",
		"SpanID": "d9aadd91a2fc122f",
		"TraceFlags": "01",
		"TraceState": "",
		"Remote": false
	},
	"Parent": {
		"TraceID": "55a4771e33da8f6cf72d13fff7228f02",
		"SpanID": "afff10c0c8abed5e",
		"TraceFlags": "01",
		"TraceState": "",
		"Remote": false
	},
	"SpanKind": 1,
	"StartTime": "0001-01-01T00:00:00Z",
	"EndTime": "0001-01-01T00:00:00Z",
	"Attributes": null,
	"Events": null,
	"Links": null,
	"Status": {
		"Code": "Unset",
		"Description": ""
	},
	"DroppedAttributes": 0,
	"DroppedEvents": 0,
	"DroppedLinks": 0,
	"ChildSpanCount": 1,
	"Resource": [
		{
			"Key": "environment",
			"Value": {
				"Type": "STRING",
				"Value": "demo"
			}
		},
		{
			"Key": "service.name",
			"Value": {
				"Type": "STRING",
				"Value": "fib"
			}
		},
		{
			"Key": "service.version",
			"Value": {
				"Type": "STRING",
				"Value": "v0.1.0"
			}
		},
		{
			"Key": "telemetry.sdk.language",
			"Value": {
				"Type": "STRING",
				"Value": "go"
			}
		},
		{
			"Key": "telemetry.sdk.name",
			"Value": {
				"Type": "STRING",
				"Value": "opentelemetry"
			}
		},
		{
			"Key": "telemetry.sdk.version",
			"Value": {
				"Type": "STRING",
				"Value": "1.11.1"
			}
		}
	],
	"InstrumentationLibrary": {
		"Name": "fib",
		"Version": "",
		"SchemaURL": ""
	}
}
{
	"Name": "Run",
	"SpanContext": {
		"TraceID": "55a4771e33da8f6cf72d13fff7228f02",
		"SpanID": "afff10c0c8abed5e",
		"TraceFlags": "01",
		"TraceState": "",
		"Remote": false
	},
	"Parent": {
		"TraceID": "00000000000000000000000000000000",
		"SpanID": "0000000000000000",
		"TraceFlags": "00",
		"TraceState": "",
		"Remote": false
	},
	"SpanKind": 1,
	"StartTime": "0001-01-01T00:00:00Z",
	"EndTime": "0001-01-01T00:00:00Z",
	"Attributes": null,
	"Events": null,
	"Links": null,
	"Status": {
		"Code": "Unset",
		"Description": ""
	},
	"DroppedAttributes": 0,
	"DroppedEvents": 0,
	"DroppedLinks": 0,
	"ChildSpanCount": 2,
	"Resource": [
		{
			"Key": "environment",
			"Value": {
				"Type": "STRING",
				"Value": "demo"
			}
		},
		{
			"Key": "service.name",
			"Value": {
				"Type": "STRING",
				"Value": "fib"
			}
		},
		{
			"Key": "service.version",
			"Value": {
				"Type": "STRING",
				"Value": "v0.1.0"
			}
		},
		{
			"Key": "telemetry.sdk.language",
			"Value": {
				"Type": "STRING",
				"Value": "go"
			}
		},
		{
			"Key": "telemetry.sdk.name",
			"Value": {
				"Type": "STRING",
				"Value": "opentelemetry"
			}
		},
		{
			"Key": "telemetry.sdk.version",
			"Value": {
				"Type": "STRING",
				"Value": "1.11.1"
			}
		}
	],
	"InstrumentationLibrary": {
		"Name": "fib",
		"Version": "",
		"SchemaURL": ""
	}
}
{
	"Name": "Poll",
	"SpanContext": {
		"TraceID": "2b7794f8d68b1e3419ae47cbebf0b580",
		"SpanID": "22ebb4de32bf97fb",
		"TraceFlags": "01",
		"TraceState": "",
		"Remote": false
	},
	"Parent": {
		"TraceID": "2b7794f8d68b1e3419ae47cbebf0b580",
		"SpanID": "4afc81679a3083a1",
		"TraceFlags": "01",
		"TraceState": "",
		"Remote": false
	},
	"SpanKind": 1,
	"StartTime": "0001-01-01T00:00:00Z",
	"EndTime": "0001-01-01T00:00:00Z",
	"Attributes": [
		{
			"Key": "request.number",
			"Value": {
				"Type": "STRING",
				"Value": "2"
			}
		}
	],
	"Events": null,
	"Links": null,
	"Status": {
		"Code": "Unset",
		"Description": ""
	},
	"DroppedAttributes": 0,
	"DroppedEvents": 0,
	"DroppedLinks": 0,
	"ChildSpanCount": 0,
	"Resource": [
		{
			"Key": "environment",
			"Value": {
				"Type": "STRING",
				"Value": "demo"
			}
		},
		{
			"Key": "service.name",
			"Value": {
				"Type": "STRING",
				"Value": "fib"
			}
		},
		{
			"Key": "service.version",
			"Value": {
				"Type": "STRING",
				"Value": "v0.1.0"
			}
		},
		{
			"Key": "telemetry.sdk.language",
			"Value": {
				"Type": "STRING",
				"Value": "go"
			}
		},
		{
			"Key": "telemetry.sdk.name",
			"Value": {
				"Type": "STRING",
				"Value": "opentelemetry"
			}
		},
		{
			"Key": "telemetry.sdk.version",
			"Value": {
				"Type": "STRING",
				"Value": "1.11.1"
			}
		}
	],
	"InstrumentationLibrary": {
		"Name": "fib",
		"Version": "",
		"SchemaURL": ""
	}
}
{
	"Name": "Fibonacci",
	"SpanContext": {
		"TraceID": "2b7794f8d68b1e3419ae47cbebf0b580",
		"SpanID": "7469fcaa1dac639f",
		"TraceFlags": "01",
		"TraceState": "",
		"Remote": false
	},
	"Parent": {
		"TraceID": "2b7794f8d68b1e3419ae47cbebf0b580",
		"SpanID": "5eb67e6d268e47fa",
		"TraceFlags": "01",
		"TraceState": "",
		"Remote": false
	},
	"SpanKind": 1,
	"StartTime": "0001-01-01T00:00:00Z",
	"EndTime": "0001-01-01T00:00:00Z",
	"Attributes": null,
	"Events": null,
	"Links": null,
	"Status": {
		"Code": "Unset",
		"Description": ""
	},
	"DroppedAttributes": 0,
	"DroppedEvents": 0,
	"DroppedLinks": 0,
	"ChildSpanCount": 0,
	"Resource": [
		{
			"Key": "environment",
			"Value": {
				"Type": "STRING",
				"Value": "demo"
			}
		},
		{
			"Key": "service.name",
			"Value": {
				"Type": "STRING",
				"Value": "fib"
			}
		},
		{
			"Key": "service.version",
			"Value": {
				"Type": "STRING",
				"Value": "v0.1.0"
			}
		},
		{
			"Key": "telemetry.sdk.language",
			"Value": {
				"Type": "STRING",
				"Value": "go"
			}
		},
		{
			"Key": "telemetry.sdk.name",
			"Value": {
				"Type": "STRING",
				"Value": "opentelemetry"
			}
		},
		{
			"Key": "telemetry.sdk.version",
			"Value": {
				"Type": "STRING",
				"Value": "1.11.1"
			}
		}
	],
	"InstrumentationLibrary": {
		"Name": "fib",
		"Version": "",
		"SchemaURL": ""
	}
}
{
	"Name": "Write",
	"SpanContext": {
		"TraceID": "2b7794f8d68b1e3419ae47cbebf0b580",
		"SpanID": "5eb67e6d268e47fa",
		"TraceFlags": "01",
		"TraceState": "",
		"Remote": false
	},
	"Parent": {
		"TraceID": "2b7794f8d68b1e3419ae47cbebf0b580",
		"SpanID": "4afc81679a3083a1",
		"TraceFlags": "01",
		"TraceState": "",
		"Remote": false
	},
	"SpanKind": 1,
	"StartTime": "0001-01-01T00:00:00Z",
	"EndTime": "0001-01-01T00:00:00Z",
	"Attributes": null,
	"Events": null,
	"Links": null,
	"Status": {
		"Code": "Unset",
		"Description": ""
	},
	"DroppedAttributes": 0,
	"DroppedEvents": 0,
	"DroppedLinks": 0,
	"ChildSpanCount": 1,
	"Resource": [
		{
			"Key": "environment",
			"Value": {
				"Type": "STRING",
				"Value": "demo"
			}
		},
		{
			"Key": "service.name",
			"Value": {
				"Type": "STRING",
				"Value": "fib"
			}
		},
		{
			"Key": "service.version",
			"Value": {
				"Type": "STRING",
				"Value": "v0.1.0"
			}
		},
		{
			"Key": "telemetry.sdk.language",
			"Value": {
				"Type": "STRING",
				"Value": "go"
			}
		},
		{
			"Key": "telemetry.sdk.name",
			"Value": {
				"Type": "STRING",
				"Value": "opentelemetry"
			}
		},
		{
			"Key": "telemetry.sdk.version",
			"Value": {
				"Type": "STRING",
				"Value": "1.11.1"
			}
		}
	],
	"InstrumentationLibrary": {
		"Name": "fib",
		"Version": "",
		"SchemaURL": ""
	}
}
{
	"Name": "Run",
	"SpanContext": {
		"TraceID": "2b7794f8d68b1e3419ae47cbebf0b580",
		"SpanID": "4afc81679a3083a1",
		"TraceFlags": "01",
		"TraceState": "",
		"Remote": false
	},
	"Parent": {
		"TraceID": "00000000000000000000000000000000",
		"SpanID": "0000000000000000",
		"TraceFlags": "00",
		"TraceState": "",
		"Remote": false
	},
	"SpanKind": 1,
	"StartTime": "0001-01-01T00:00:00Z",
	"EndTime": "0001-01-01T00:00:00Z",
	"Attributes": null,
	"Events": null,
	"Links": null,
	"Status": {
		"Code": "Unset",
		"Description": ""
	},
	"DroppedAttributes": 0,
	"DroppedEvents": 0,
	"DroppedLinks": 0,
	"ChildSpanCount": 2,
	"Resource": [
		{
			"Key": "environment",
			"Value": {
				"Type": "STRING",
				"Value": "demo"
			}
		},
		{
			"Key": "service.name",
			"Value": {
				"Type": "STRING",
				"Value": "fib"
			}
		},
		{
			"Key": "service.version",
			"Value": {
				"Type": "STRING",
				"Value": "v0.1.0"
			}
		},
		{
			"Key": "telemetry.sdk.language",
			"Value": {
				"Type": "STRING",
				"Value": "go"
			}
		},
		{
			"Key": "telemetry.sdk.name",
			"Value": {
				"Type": "STRING",
				"Value": "opentelemetry"
			}
		},
		{
			"Key": "telemetry.sdk.version",
			"Value": {
				"Type": "STRING",
				"Value": "1.11.1"
			}
		}
	],
	"InstrumentationLibrary": {
		"Name": "fib",
		"Version": "",
		"SchemaURL": ""
	}
}
{
	"Name": "Poll",
	"SpanContext": {
		"TraceID": "42d850e9bec76a93f3a0ae9213efa7e9",
		"SpanID": "a213c32bc0eb3446",
		"TraceFlags": "01",
		"TraceState": "",
		"Remote": false
	},
	"Parent": {
		"TraceID": "42d850e9bec76a93f3a0ae9213efa7e9",
		"SpanID": "88585a7fdd1d289a",
		"TraceFlags": "01",
		"TraceState": "",
		"Remote": false
	},
	"SpanKind": 1,
	"StartTime": "0001-01-01T00:00:00Z",
	"EndTime": "0001-01-01T00:00:00Z",
	"Attributes": [
		{
			"Key": "request.number",
			"Value": {
				"Type": "STRING",
				"Value": "1"
			}
		}
	],
	"Events": null,
	"Links": null,
	"Status": {
		"Code": "Unset",
		"Description": ""
	},
	"DroppedAttributes": 0,
	"DroppedEvents": 0,
	"DroppedLinks": 0,
	"ChildSpanCount": 0,
	"Resource": [
		{
			"Key": "environment",
			"Value": {
				"Type": "STRING",
				"Value": "demo"
			}
		},
		{
			"Key": "service.name",
			"Value": {
				"Type": "STRING",
				"Value": "fib"
			}
		},
		{
			"Key": "service.version",
			"Value": {
				"Type": "STRING",
				"Value": "v0.1.0"
			}
		},
		{
			"Key": "telemetry.sdk.language",
			"Value": {
				"Type": "STRING",
				"Value": "go"
			}
		},
		{
			"Key": "telemetry.sdk.name",
			"Value": {
				"Type": "STRING",
				"Value": "opentelemetry"
			}
		},
		{
			"Key": "telemetry.sdk.version",
			"Value": {
				"Type": "STRING",
				"Value": "1.11.1"
			}
		}
	],
	"InstrumentationLibrary": {
		"Name": "fib",
		"Version": "",
		"SchemaURL": ""
	}
}
{
	"Name": "Fibonacci",
	"SpanContext": {
		"TraceID": "42d850e9bec76a93f3a0ae9213efa7e9",
		"SpanID": "48684a37b5f133ff",
		"TraceFlags": "01",
		"TraceState": "",
		"Remote": false
	},
	"Parent": {
		"TraceID": "42d850e9bec76a93f3a0ae9213efa7e9",
		"SpanID": "f6d576738d7b012b",
		"TraceFlags": "01",
		"TraceState": "",
		"Remote": false
	},
	"SpanKind": 1,
	"StartTime": "0001-01-01T00:00:00Z",
	"EndTime": "0001-01-01T00:00:00Z",
	"Attributes": null,
	"Events": null,
	"Links": null,
	"Status": {
		"Code": "Unset",
		"Description": ""
	},
	"DroppedAttributes": 0,
	"DroppedEvents": 0,
	"DroppedLinks": 0,
	"ChildSpanCount": 0,
	"Resource": [
		{
			"Key": "environment",
			"Value": {
				"Type": "STRING",
				"Value": "demo"
			}
		},
		{
			"Key": "service.name",
			"Value": {
				"Type": "STRING",
				"Value": "fib"
			}
		},
		{
			"Key": "service.version",
			"Value": {
				"Type": "STRING",
				"Value": "v0.1.0"
			}
		},
		{
			"Key": "telemetry.sdk.language",
			"Value": {
				"Type": "STRING",
				"Value": "go"
			}
		},
		{
			"Key": "telemetry.sdk.name",
			"Value": {
				"Type": "STRING",
				"Value": "opentelemetry"
			}
		},
		{
			"Key": "telemetry.sdk.version",
			"Value": {
				"Type": "STRING",
				"Value": "1.11.1"
			}
		}
	],
	"InstrumentationLibrary": {
		"Name": "fib",
		"Version": "",
		"SchemaURL": ""
	}
}
{
	"Name": "Write",
	"SpanContext": {
		"TraceID": "42d850e9bec76a93f3a0ae9213efa7e9",
		"SpanID": "f6d576738d7b012b",
		"TraceFlags": "01",
		"TraceState": "",
		"Remote": false
	},
	"Parent": {
		"TraceID": "42d850e9bec76a93f3a0ae9213efa7e9",
		"SpanID": "88585a7fdd1d289a",
		"TraceFlags": "01",
		"TraceState": "",
		"Remote": false
	},
	"SpanKind": 1,
	"StartTime": "0001-01-01T00:00:00Z",
	"EndTime": "0001-01-01T00:00:00Z",
	"Attributes": null,
	"Events": null,
	"Links": null,
	"Status": {
		"Code": "Unset",
		"Description": ""
	},
	"DroppedAttributes": 0,
	"DroppedEvents": 0,
	"DroppedLinks": 0,
	"ChildSpanCount": 1,
	"Resource": [
		{
			"Key": "environment",
			"Value": {
				"Type": "STRING",
				"Value": "demo"
			}
		},
		{
			"Key": "service.name",
			"Value": {
				"Type": "STRING",
				"Value": "fib"
			}
		},
		{
			"Key": "service.version",
			"Value": {
				"Type": "STRING",
				"Value": "v0.1.0"
			}
		},
		{
			"Key": "telemetry.sdk.language",
			"Value": {
				"Type": "STRING",
				"Value": "go"
			}
		},
		{
			"Key": "telemetry.sdk.name",
			"Value": {
				"Type": "STRING",
				"Value": "opentelemetry"
			}
		},
		{
			"Key": "telemetry.sdk.version",
			"Value": {
				"Type": "STRING",
				"Value": "1.11.1"
			}
		}
	],
	"InstrumentationLibrary": {
		"Name": "fib",
		"Version": "",
		"SchemaURL": ""
	}
}
{
	"Name": "Run",
	"SpanContext": {
		"TraceID": "42d850e9bec76a93f3a0ae9213efa7e9",
		"SpanID": "88585a7fdd1d289a",
		"TraceFlags": "01",
		"TraceState": "",
		"Remote": false
	},
	"Parent": {
		"TraceID": "00000000000000000000000000000000",
		"SpanID": "0000000000000000",
		"TraceFlags": "00",
		"TraceState": "",
		"Remote": false
	},
	"SpanKind": 1,
	"StartTime": "0001-01-01T00:00:00Z",
	"EndTime": "0001-01-01T00:00:00Z",
	"Attributes": null,
	"Events": null,
	"Links": null,
	"Status": {
		"Code": "Unset",
		"Description": ""
	},
	"DroppedAttributes": 0,
	"DroppedEvents": 0,
	"DroppedLinks": 0,
	"ChildSpanCount": 2,
	"Resource": [
		{
			"Key": "environment",
			"Value": {
				"Type": "STRING",
				"Value": "demo"
			}
		},
		{
			"Key": "service.name",
			"Value": {
				"Type": "STRING",
				"Value": "fib"
			}
		},
		{
			"Key": "service.version",
			"Value": {
				"Type": "STRING",
				"Value": "v0.1.0"
			}
		},
		{
			"Key": "telemetry.sdk.language",
			"Value": {
				"Type": "STRING",
				"Value": "go"
			}
		},
		{
			"Key": "telemetry.sdk.name",
			"Value": {
				"Type": "STRING",
				"Value": "opentelemetry"
			}
		},
		{
			"Key": "telemetry.sdk.version",
			"Value": {
				"Type": "STRING",
				"Value": "1.11.1"
			}
		}
	],
	"InstrumentationLibrary": {
		"Name": "fib",
		"Version": "",
		"SchemaURL": ""
	}
}
{
	"Name": "Poll",
	"SpanContext": {
		"TraceID": "7e12b4eebf999eaa6f59000de018419c",
		"SpanID": "da7363d142153460",
		"TraceFlags": "01",
		"TraceState": "",
		"Remote": false
	},
	"Parent": {
		"TraceID": "7e12b4eebf999eaa6f59000de018419c",
		"SpanID": "814c0b23905fd011",
		"TraceFlags": "01",
		"TraceState": "",
		"Remote": false
	},
	"SpanKind": 1,
	"StartTime": "0001-01-01T00:00:00Z",
	"EndTime": "0001-01-01T00:00:00Z",
	"Attributes": [
		{
			"Key": "request.number",
			"Value": {
				"Type": "STRING",
				"Value": "2"
			}
		}
	],
	"Events": null,
	"Links": null,
	"Status": {
		"Code": "Unset",
		"Description": ""
	},
	"DroppedAttributes": 0,
	"DroppedEvents": 0,
	"DroppedLinks": 0,
	"ChildSpanCount": 0,
	"Resource": [
		{
			"Key": "environment",
			"Value": {
				"Type": "STRING",
				"Value": "demo"
			}
		},
		{
			"Key": "service.name",
			"Value": {
				"Type": "STRING",
				"Value": "fib"
			}
		},
		{
			"Key": "service.version",
			"Value": {
				"Type": "STRING",
				"Value": "v0.1.0"
			}
		},
		{
			"Key": "telemetry.sdk.language",
			"Value": {
				"Type": "STRING",
				"Value": "go"
			}
		},
		{
			"Key": "telemetry.sdk.name",
			"Value": {
				"Type": "STRING",
				"Value": "opentelemetry"
			}
		},
		{
			"Key": "telemetry.sdk.version",
			"Value": {
				"Type": "STRING",
				"Value": "1.11.1"
			}
		}
	],
	"InstrumentationLibrary": {
		"Name": "fib",
		"Version": "",
		"SchemaURL": ""
	}
}
{
	"Name": "Fibonacci",
	"SpanContext": {
		"TraceID": "7e12b4eebf999eaa6f59000de018419c",
		"SpanID": "27ee398a51b707ca",
		"TraceFlags": "01",
		"TraceState": "",
		"Remote": false
	},
	"Parent": {
		"TraceID": "7e12b4eebf999eaa6f59000de018419c",
		"SpanID": "d863c841c1bb20d9",
		"TraceFlags": "01",
		"TraceState": "",
		"Remote": false
	},
	"SpanKind": 1,
	"StartTime": "0001-01-01T00:00:00Z",
	"EndTime": "0001-01-01T00:00:00Z",
	"Attributes": null,
	"Events": null,
	"Links": null,
	"Status": {
		"Code": "Unset",
		"Description": ""
	},
	"DroppedAttributes": 0,
	"DroppedEvents": 0,
	"DroppedLinks": 0,
	"ChildSpanCount": 0,
	"Resource": [
		{
			"Key": "environment",
			"Value": {
				"Type": "STRING",
				"Value": "demo"
			}
		},
		{
			"Key": "service.name",
			"Value": {
				"Type": "STRING",
				"Value": "fib"
			}
		},
		{
			"Key": "service.version",
			"Value": {
				"Type": "STRING",
				"Value": "v0.1.0"
			}
		},
		{
			"Key": "telemetry.sdk.language",
			"Value": {
				"Type": "STRING",
				"Value": "go"
			}
		},
		{
			"Key": "telemetry.sdk.name",
			"Value": {
				"Type": "STRING",
				"Value": "opentelemetry"
			}
		},
		{
			"Key": "telemetry.sdk.version",
			"Value": {
				"Type": "STRING",
				"Value": "1.11.1"
			}
		}
	],
	"InstrumentationLibrary": {
		"Name": "fib",
		"Version": "",
		"SchemaURL": ""
	}
}
{
	"Name": "Write",
	"SpanContext": {
		"TraceID": "7e12b4eebf999eaa6f59000de018419c",
		"SpanID": "d863c841c1bb20d9",
		"TraceFlags": "01",
		"TraceState": "",
		"Remote": false
	},
	"Parent": {
		"TraceID": "7e12b4eebf999eaa6f59000de018419c",
		"SpanID": "814c0b23905fd011",
		"TraceFlags": "01",
		"TraceState": "",
		"Remote": false
	},
	"SpanKind": 1,
	"StartTime": "0001-01-01T00:00:00Z",
	"EndTime": "0001-01-01T00:00:00Z",
	"Attributes": null,
	"Events": null,
	"Links": null,
	"Status": {
		"Code": "Unset",
		"Description": ""
	},
	"DroppedAttributes": 0,
	"DroppedEvents": 0,
	"DroppedLinks": 0,
	"ChildSpanCount": 1,
	"Resource": [
		{
			"Key": "environment",
			"Value": {
				"Type": "STRING",
				"Value": "demo"
			}
		},
		{
			"Key": "service.name",
			"Value": {
				"Type": "STRING",
				"Value": "fib"
			}
		},
		{
			"Key": "service.version",
			"Value": {
				"Type": "STRING",
				"Value": "v0.1.0"
			}
		},
		{
			"Key": "telemetry.sdk.language",
			"Value": {
				"Type": "STRING",
				"Value": "go"
			}
		},
		{
			"Key": "telemetry.sdk.name",
			"Value": {
				"Type": "STRING",
				"Value": "opentelemetry"
			}
		},
		{
			"Key": "telemetry.sdk.version",
			"Value": {
				"Type": "STRING",
				"Value": "1.11.1"
			}
		}
	],
	"InstrumentationLibrary": {
		"Name": "fib",
		"Version": "",
		"SchemaURL": ""
	}
}
{
	"Name": "Run",
	"SpanContext": {
		"TraceID": "7e12b4eebf999eaa6f59000de018419c",
		"SpanID": "814c0b23905fd011",
		"TraceFlags": "01",
		"TraceState": "",
		"Remote": false
	},
	"Parent": {
		"TraceID": "00000000000000000000000000000000",
		"SpanID": "0000000000000000",
		"TraceFlags": "00",
		"TraceState": "",
		"Remote": false
	},
	"SpanKind": 1,
	"StartTime": "0001-01-01T00:00:00Z",
	"EndTime": "0001-01-01T00:00:00Z",
	"Attributes": null,
	"Events": null,
	"Links": null,
	"Status": {
		"Code": "Unset",
		"Description": ""
	},
	"DroppedAttributes": 0,
	"DroppedEvents": 0,
	"DroppedLinks": 0,
	"ChildSpanCount": 2,
	"Resource": [
		{
			"Key": "environment",
			"Value": {
				"Type": "STRING",
				"Value": "demo"
			}
		},
		{
			"Key": "service.name",
			"Value": {
				"Type": "STRING",
				"Value": "fib"
			}
		},
		{
			"Key": "service.version",
			"Value": {
				"Type": "STRING",
				"Value": "v0.1.0"
			}
		},
		{
			"Key": "telemetry.sdk.language",
			"Value": {
				"Type": "STRING",
				"Value": "go"
			}
		},
		{
			"Key": "telemetry.sdk.name",
			"Value": {
				"Type": "STRING",
				"Value": "opentelemetry"
			}
		},
		{
			"Key": "telemetry.sdk.version",
			"Value": {
				"Type": "STRING",
				"Value": "1.11.1"
			}
		}
	],
	"InstrumentationLibrary": {
		"Name": "fib",
		"Version": "",
		"SchemaURL": ""
	}
}
{
	"Name": "Poll",
	"SpanContext": {
		"TraceID": "4c88bf81a8d9bffbdafce7671ed6b26c",
		"SpanID": "997ece2b778300c9",
		"TraceFlags": "01",
		"TraceState": "",
		"Remote": false
	},
	"Parent": {
		"TraceID": "4c88bf81a8d9bffbdafce7671ed6b26c",
		"SpanID": "b2ac9bb7f287d3b4",
		"TraceFlags": "01",
		"TraceState": "",
		"Remote": false
	},
	"SpanKind": 1,
	"StartTime": "0001-01-01T00:00:00Z",
	"EndTime": "0001-01-01T00:00:00Z",
	"Attributes": [
		{
			"Key": "request.number",
			"Value": {
				"Type": "STRING",
				"Value": "3"
			}
		}
	],
	"Events": null,
	"Links": null,
	"Status": {
		"Code": "Unset",
		"Description": ""
	},
	"DroppedAttributes": 0,
	"DroppedEvents": 0,
	"DroppedLinks": 0,
	"ChildSpanCount": 0,
	"Resource": [
		{
			"Key": "environment",
			"Value": {
				"Type": "STRING",
				"Value": "demo"
			}
		},
		{
			"Key": "service.name",
			"Value": {
				"Type": "STRING",
				"Value": "fib"
			}
		},
		{
			"Key": "service.version",
			"Value": {
				"Type": "STRING",
				"Value": "v0.1.0"
			}
		},
		{
			"Key": "telemetry.sdk.language",
			"Value": {
				"Type": "STRING",
				"Value": "go"
			}
		},
		{
			"Key": "telemetry.sdk.name",
			"Value": {
				"Type": "STRING",
				"Value": "opentelemetry"
			}
		},
		{
			"Key": "telemetry.sdk.version",
			"Value": {
				"Type": "STRING",
				"Value": "1.11.1"
			}
		}
	],
	"InstrumentationLibrary": {
		"Name": "fib",
		"Version": "",
		"SchemaURL": ""
	}
}
{
	"Name": "Fibonacci",
	"SpanContext": {
		"TraceID": "4c88bf81a8d9bffbdafce7671ed6b26c",
		"SpanID": "2ed09295ec6d3f26",
		"TraceFlags": "01",
		"TraceState": "",
		"Remote": false
	},
	"Parent": {
		"TraceID": "4c88bf81a8d9bffbdafce7671ed6b26c",
		"SpanID": "dcbe208867c38b00",
		"TraceFlags": "01",
		"TraceState": "",
		"Remote": false
	},
	"SpanKind": 1,
	"StartTime": "0001-01-01T00:00:00Z",
	"EndTime": "0001-01-01T00:00:00Z",
	"Attributes": null,
	"Events": null,
	"Links": null,
	"Status": {
		"Code": "Unset",
		"Description": ""
	},
	"DroppedAttributes": 0,
	"DroppedEvents": 0,
	"DroppedLinks": 0,
	"ChildSpanCount": 0,
	"Resource": [
		{
			"Key": "environment",
			"Value": {
				"Type": "STRING",
				"Value": "demo"
			}
		},
		{
			"Key": "service.name",
			"Value": {
				"Type": "STRING",
				"Value": "fib"
			}
		},
		{
			"Key": "service.version",
			"Value": {
				"Type": "STRING",
				"Value": "v0.1.0"
			}
		},
		{
			"Key": "telemetry.sdk.language",
			"Value": {
				"Type": "STRING",
				"Value": "go"
			}
		},
		{
			"Key": "telemetry.sdk.name",
			"Value": {
				"Type": "STRING",
				"Value": "opentelemetry"
			}
		},
		{
			"Key": "telemetry.sdk.version",
			"Value": {
				"Type": "STRING",
				"Value": "1.11.1"
			}
		}
	],
	"InstrumentationLibrary": {
		"Name": "fib",
		"Version": "",
		"SchemaURL": ""
	}
}
{
	"Name": "Write",
	"SpanContext": {
		"TraceID": "4c88bf81a8d9bffbdafce7671ed6b26c",
		"SpanID": "dcbe208867c38b00",
		"TraceFlags": "01",
		"TraceState": "",
		"Remote": false
	},
	"Parent": {
		"TraceID": "4c88bf81a8d9bffbdafce7671ed6b26c",
		"SpanID": "b2ac9bb7f287d3b4",
		"TraceFlags": "01",
		"TraceState": "",
		"Remote": false
	},
	"SpanKind": 1,
	"StartTime": "0001-01-01T00:00:00Z",
	"EndTime": "0001-01-01T00:00:00Z",
	"Attributes": null,
	"Events": null,
	"Links": null,
	"Status": {
		"Code": "Unset",
		"Description": ""
	},
	"DroppedAttributes": 0,
	"DroppedEvents": 0,
	"DroppedLinks": 0,
	"ChildSpanCount": 1,
	"Resource": [
		{
			"Key": "environment",
			"Value": {
				"Type": "STRING",
				"Value": "demo"
			}
		},
		{
			"Key": "service.name",
			"Value": {
				"Type": "STRING",
				"Value": "fib"
			}
		},
		{
			"Key": "service.version",
			"Value": {
				"Type": "STRING",
				"Value": "v0.1.0"
			}
		},
		{
			"Key": "telemetry.sdk.language",
			"Value": {
				"Type": "STRING",
				"Value": "go"
			}
		},
		{
			"Key": "telemetry.sdk.name",
			"Value": {
				"Type": "STRING",
				"Value": "opentelemetry"
			}
		},
		{
			"Key": "telemetry.sdk.version",
			"Value": {
				"Type": "STRING",
				"Value": "1.11.1"
			}
		}
	],
	"InstrumentationLibrary": {
		"Name": "fib",
		"Version": "",
		"SchemaURL": ""
	}
}
{
	"Name": "Run",
	"SpanContext": {
		"TraceID": "4c88bf81a8d9bffbdafce7671ed6b26c",
		"SpanID": "b2ac9bb7f287d3b4",
		"TraceFlags": "01",
		"TraceState": "",
		"Remote": false
	},
	"Parent": {
		"TraceID": "00000000000000000000000000000000",
		"SpanID": "0000000000000000",
		"TraceFlags": "00",
		"TraceState": "",
		"Remote": false
	},
	"SpanKind": 1,
	"StartTime": "0001-01-01T00:00:00Z",
	"EndTime": "0001-01-01T00:00:00Z",
	"Attributes": null,
	"Events": null,
	"Links": null,
	"Status": {
		"Code": "Unset",
		"Description": ""
	},
	"DroppedAttributes": 0,
	"DroppedEvents": 0,
	"DroppedLinks": 0,
	"ChildSpanCount": 2,
	"Resource": [
		{
			"Key": "environment",
			"Value": {
				"Type": "STRING",
				"Value": "demo"
			}
		},
		{
			"Key": "service.name",
			"Value": {
				"Type": "STRING",
				"Value": "fib"
			}
		},
		{
			"Key": "service.version",
			"Value": {
				"Type": "STRING",
				"Value": "v0.1.0"
			}
		},
		{
			"Key": "telemetry.sdk.language",
			"Value": {
				"Type": "STRING",
				"Value": "go"
			}
		},
		{
			"Key": "telemetry.sdk.name",
			"Value": {
				"Type": "STRING",
				"Value": "opentelemetry"
			}
		},
		{
			"Key": "telemetry.sdk.version",
			"Value": {
				"Type": "STRING",
				"Value": "1.11.1"
			}
		}
	],
	"InstrumentationLibrary": {
		"Name": "fib",
		"Version": "",
		"SchemaURL": ""
	}
}
{
	"Name": "Poll",
	"SpanContext": {
		"TraceID": "87b41662baf38a295adb0a809e0e7b75",
		"SpanID": "28372b528df45ca4",
		"TraceFlags": "01",
		"TraceState": "",
		"Remote": false
	},
	"Parent": {
		"TraceID": "87b41662baf38a295adb0a809e0e7b75",
		"SpanID": "4fe4492d53b1c613",
		"TraceFlags": "01",
		"TraceState": "",
		"Remote": false
	},
	"SpanKind": 1,
	"StartTime": "0001-01-01T00:00:00Z",
	"EndTime": "0001-01-01T00:00:00Z",
	"Attributes": [
		{
			"Key": "request.number",
			"Value": {
				"Type": "STRING",
				"Value": "4"
			}
		}
	],
	"Events": null,
	"Links": null,
	"Status": {
		"Code": "Unset",
		"Description": ""
	},
	"DroppedAttributes": 0,
	"DroppedEvents": 0,
	"DroppedLinks": 0,
	"ChildSpanCount": 0,
	"Resource": [
		{
			"Key": "environment",
			"Value": {
				"Type": "STRING",
				"Value": "demo"
			}
		},
		{
			"Key": "service.name",
			"Value": {
				"Type": "STRING",
				"Value": "fib"
			}
		},
		{
			"Key": "service.version",
			"Value": {
				"Type": "STRING",
				"Value": "v0.1.0"
			}
		},
		{
			"Key": "telemetry.sdk.language",
			"Value": {
				"Type": "STRING",
				"Value": "go"
			}
		},
		{
			"Key": "telemetry.sdk.name",
			"Value": {
				"Type": "STRING",
				"Value": "opentelemetry"
			}
		},
		{
			"Key": "telemetry.sdk.version",
			"Value": {
				"Type": "STRING",
				"Value": "1.11.1"
			}
		}
	],
	"InstrumentationLibrary": {
		"Name": "fib",
		"Version": "",
		"SchemaURL": ""
	}
}
{
	"Name": "Fibonacci",
	"SpanContext": {
		"TraceID": "87b41662baf38a295adb0a809e0e7b75",
		"SpanID": "87c726c82768868a",
		"TraceFlags": "01",
		"TraceState": "",
		"Remote": false
	},
	"Parent": {
		"TraceID": "87b41662baf38a295adb0a809e0e7b75",
		"SpanID": "10bd4ccca370b795",
		"TraceFlags": "01",
		"TraceState": "",
		"Remote": false
	},
	"SpanKind": 1,
	"StartTime": "0001-01-01T00:00:00Z",
	"EndTime": "0001-01-01T00:00:00Z",
	"Attributes": null,
	"Events": null,
	"Links": null,
	"Status": {
		"Code": "Unset",
		"Description": ""
	},
	"DroppedAttributes": 0,
	"DroppedEvents": 0,
	"DroppedLinks": 0,
	"ChildSpanCount": 0,
	"Resource": [
		{
			"Key": "environment",
			"Value": {
				"Type": "STRING",
				"Value": "demo"
			}
		},
		{
			"Key": "service.name",
			"Value": {
				"Type": "STRING",
				"Value": "fib"
			}
		},
		{
			"Key": "service.version",
			"Value": {
				"Type": "STRING",
				"Value": "v0.1.0"
			}
		},
		{
			"Key": "telemetry.sdk.language",
			"Value": {
				"Type": "STRING",
				"Value": "go"
			}
		},
		{
			"Key": "telemetry.sdk.name",
			"Value": {
				"Type": "STRING",
				"Value": "opentelemetry"
			}
		},
		{
			"Key": "telemetry.sdk.version",
			"Value": {
				"Type": "STRING",
				"Value": "1.11.1"
			}
		}
	],
	"InstrumentationLibrary": {
		"Name": "fib",
		"Version": "",
		"SchemaURL": ""
	}
}
{
	"Name": "Write",
	"SpanContext": {
		"TraceID": "87b41662baf38a295adb0a809e0e7b75",
		"SpanID": "10bd4ccca370b795",
		"TraceFlags": "01",
		"TraceState": "",
		"Remote": false
	},
	"Parent": {
		"TraceID": "87b41662baf38a295adb0a809e0e7b75",
		"SpanID": "4fe4492d53b1c613",
		"TraceFlags": "01",
		"TraceState": "",
		"Remote": false
	},
	"SpanKind": 1,
	"StartTime": "0001-01-01T00:00:00Z",
	"EndTime": "0001-01-01T00:00:00Z",
	"Attributes": null,
	"Events": null,
	"Links": null,
	"Status": {
		"Code": "Unset",
		"Description": ""
	},
	"DroppedAttributes": 0,
	"DroppedEvents": 0,
	"DroppedLinks": 0,
	"ChildSpanCount": 1,
	"Resource": [
		{
			"Key": "environment",
			"Value": {
				"Type": "STRING",
				"Value": "demo"
			}
		},
		{
			"Key": "service.name",
			"Value": {
				"Type": "STRING",
				"Value": "fib"
			}
		},
		{
			"Key": "service.version",
			"Value": {
				"Type": "STRING",
				"Value": "v0.1.0"
			}
		},
		{
			"Key": "telemetry.sdk.language",
			"Value": {
				"Type": "STRING",
				"Value": "go"
			}
		},
		{
			"Key": "telemetry.sdk.name",
			"Value": {
				"Type": "STRING",
				"Value": "opentelemetry"
			}
		},
		{
			"Key": "telemetry.sdk.version",
			"Value": {
				"Type": "STRING",
				"Value": "1.11.1"
			}
		}
	],
	"InstrumentationLibrary": {
		"Name": "fib",
		"Version": "",
		"SchemaURL": ""
	}
}
{
	"Name": "Run",
	"SpanContext": {
		"TraceID": "87b41662baf38a295adb0a809e0e7b75",
		"SpanID": "4fe4492d53b1c613",
		"TraceFlags": "01",
		"TraceState": "",
		"Remote": false
	},
	"Parent": {
		"TraceID": "00000000000000000000000000000000",
		"SpanID": "0000000000000000",
		"TraceFlags": "00",
		"TraceState": "",
		"Remote": false
	},
	"SpanKind": 1,
	"StartTime": "0001-01-01T00:00:00Z",
	"EndTime": "0001-01-01T00:00:00Z",
	"Attributes": null,
	"Events": null,
	"Links": null,
	"Status": {
		"Code": "Unset",
		"Description": ""
	},
	"DroppedAttributes": 0,
	"DroppedEvents": 0,
	"DroppedLinks": 0,
	"ChildSpanCount": 2,
	"Resource": [
		{
			"Key": "environment",
			"Value": {
				"Type": "STRING",
				"Value": "demo"
			}
		},
		{
			"Key": "service.name",
			"Value": {
				"Type": "STRING",
				"Value": "fib"
			}
		},
		{
			"Key": "service.version",
			"Value": {
				"Type": "STRING",
				"Value": "v0.1.0"
			}
		},
		{
			"Key": "telemetry.sdk.language",
			"Value": {
				"Type": "STRING",
				"Value": "go"
			}
		},
		{
			"Key": "telemetry.sdk.name",
			"Value": {
				"Type": "STRING",
				"Value": "opentelemetry"
			}
		},
		{
			"Key": "telemetry.sdk.version",
			"Value": {
				"Type": "STRING",
				"Value": "1.11.1"
			}
		}
	],
	"InstrumentationLibrary": {
		"Name": "fib",
		"Version": "",
		"SchemaURL": ""
	}
}
{
	"Name": "Poll",
	"SpanContext": {
		"TraceID": "4b318ec5e9740cf5c6cb1b1d9e73c1c4",
		"SpanID": "1c175b01e7207a8c",
		"TraceFlags": "01",
		"TraceState": "",
		"Remote": false
	},
	"Parent": {
		"TraceID": "4b318ec5e9740cf5c6cb1b1d9e73c1c4",
		"SpanID": "4e5c1923437e07e4",
		"TraceFlags": "01",
		"TraceState": "",
		"Remote": false
	},
	"SpanKind": 1,
	"StartTime": "0001-01-01T00:00:00Z",
	"EndTime": "0001-01-01T00:00:00Z",
	"Attributes": [
		{
			"Key": "request.number",
			"Value": {
				"Type": "STRING",
				"Value": "5"
			}
		}
	],
	"Events": null,
	"Links": null,
	"Status": {
		"Code": "Unset",
		"Description": ""
	},
	"DroppedAttributes": 0,
	"DroppedEvents": 0,
	"DroppedLinks": 0,
	"ChildSpanCount": 0,
	"Resource": [
		{
			"Key": "environment",
			"Value": {
				"Type": "STRING",
				"Value": "demo"
			}
		},
		{
			"Key": "service.name",
			"Value": {
				"Type": "STRING",
				"Value": "fib"
			}
		},
		{
			"Key": "service.version",
			"Value": {
				"Type": "STRING",
				"Value": "v0.1.0"
			}
		},
		{
			"Key": "telemetry.sdk.language",
			"Value": {
				"Type": "STRING",
				"Value": "go"
			}
		},
		{
			"Key": "telemetry.sdk.name",
			"Value": {
				"Type": "STRING",
				"Value": "opentelemetry"
			}
		},
		{
			"Key": "telemetry.sdk.version",
			"Value": {
				"Type": "STRING",
				"Value": "1.11.1"
			}
		}
	],
	"InstrumentationLibrary": {
		"Name": "fib",
		"Version": "",
		"SchemaURL": ""
	}
}
{
	"Name": "Fibonacci",
	"SpanContext": {
		"TraceID": "4b318ec5e9740cf5c6cb1b1d9e73c1c4",
		"SpanID": "a5e68974b325b13a",
		"TraceFlags": "01",
		"TraceState": "",
		"Remote": false
	},
	"Parent": {
		"TraceID": "4b318ec5e9740cf5c6cb1b1d9e73c1c4",
		"SpanID": "ab393a0873b105e1",
		"TraceFlags": "01",
		"TraceState": "",
		"Remote": false
	},
	"SpanKind": 1,
	"StartTime": "0001-01-01T00:00:00Z",
	"EndTime": "0001-01-01T00:00:00Z",
	"Attributes": null,
	"Events": null,
	"Links": null,
	"Status": {
		"Code": "Unset",
		"Description": ""
	},
	"DroppedAttributes": 0,
	"DroppedEvents": 0,
	"DroppedLinks": 0,
	"ChildSpanCount": 0,
	"Resource": [
		{
			"Key": "environment",
			"Value": {
				"Type": "STRING",
				"Value": "demo"
			}
		},
		{
			"Key": "service.name",
			"Value": {
				"Type": "STRING",
				"Value": "fib"
			}
		},
		{
			"Key": "service.version",
			"Value": {
				"Type": "STRING",
				"Value": "v0.1.0"
			}
		},
		{
			"Key": "telemetry.sdk.language",
			"Value": {
				"Type": "STRING",
				"Value": "go"
			}
		},
		{
			"Key": "telemetry.sdk.name",
			"Value": {
				"Type": "STRING",
				"Value": "opentelemetry"
			}
		},
		{
			"Key": "telemetry.sdk.version",
			"Value": {
				"Type": "STRING",
				"Value": "1.11.1"
			}
		}
	],
	"InstrumentationLibrary": {
		"Name": "fib",
		"Version": "",
		"SchemaURL": ""
	}
}
{
	"Name": "Write",
	"SpanContext": {
		"TraceID": "4b318ec5e9740cf5c6cb1b1d9e73c1c4",
		"SpanID": "ab393a0873b105e1",
		"TraceFlags": "01",
		"TraceState": "",
		"Remote": false
	},
	"Parent": {
		"TraceID": "4b318ec5e9740cf5c6cb1b1d9e73c1c4",
		"SpanID": "4e5c1923437e07e4",
		"TraceFlags": "01",
		"TraceState": "",
		"Remote": false
	},
	"SpanKind": 1,
	"StartTime": "0001-01-01T00:00:00Z",
	"EndTime": "0001-01-01T00:00:00Z",
	"Attributes": null,
	"Events": null,
	"Links": null,
	"Status": {
		"Code": "Unset",
		"Description": ""
	},
	"DroppedAttributes": 0,
	"DroppedEvents": 0,
	"DroppedLinks": 0,
	"ChildSpanCount": 1,
	"Resource": [
		{
			"Key": "environment",
			"Value": {
				"Type": "STRING",
				"Value": "demo"
			}
		},
		{
			"Key": "service.name",
			"Value": {
				"Type": "STRING",
				"Value": "fib"
			}
		},
		{
			"Key": "service.version",
			"Value": {
				"Type": "STRING",
				"Value": "v0.1.0"
			}
		},
		{
			"Key": "telemetry.sdk.language",
			"Value": {
				"Type": "STRING",
				"Value": "go"
			}
		},
		{
			"Key": "telemetry.sdk.name",
			"Value": {
				"Type": "STRING",
				"Value": "opentelemetry"
			}
		},
		{
			"Key": "telemetry.sdk.version",
			"Value": {
				"Type": "STRING",
				"Value": "1.11.1"
			}
		}
	],
	"InstrumentationLibrary": {
		"Name": "fib",
		"Version": "",
		"SchemaURL": ""
	}
}
{
	"Name": "Run",
	"SpanContext": {
		"TraceID": "4b318ec5e9740cf5c6cb1b1d9e73c1c4",
		"SpanID": "4e5c1923437e07e4",
		"TraceFlags": "01",
		"TraceState": "",
		"Remote": false
	},
	"Parent": {
		"TraceID": "00000000000000000000000000000000",
		"SpanID": "0000000000000000",
		"TraceFlags": "00",
		"TraceState": "",
		"Remote": false
	},
	"SpanKind": 1,
	"StartTime": "0001-01-01T00:00:00Z",
	"EndTime": "0001-01-01T00:00:00Z",
	"Attributes": null,
	"Events": null,
	"Links": null,
	"Status": {
		"Code": "Unset",
		"Description": ""
	},
	"DroppedAttributes": 0,
	"DroppedEvents": 0,
	"DroppedLinks": 0,
	"ChildSpanCount": 2,
	"Resource": [
		{
			"Key": "environment",
			"Value": {
				"Type": "STRING",
				"Value": "demo"
			}
		},
		{
			"Key": "service.name",
			"Value": {
				"Type": "STRING",
				"Value": "fib"
			}
		},
		{
			"Key": "service.version",
			"Value": {
				"Type": "STRING",
				"Value": "v0.1.0"
			}
		},
		{
			"Key": "telemetry.sdk.language",
			"Value": {
				"Type": "STRING",
				"Value": "go"
			}
		},
		{
			"Key": "telemetry.sdk.name",
			"Value": {
				"Type": "STRING",
				"Value": "opentelemetry"
			}
		},
		{
			"Key": "telemetry.sdk.version",
			"Value": {
				"Type": "STRING",
				"Value": "1.11.1"
			}
		}
	],
	"InstrumentationLibrary": {
		"Name": "fib",
		"Version": "",
		"SchemaURL": ""
	}
}
{
	"Name": "Poll",
	"SpanContext": {
		"TraceID": "bee30b38fa94d25ebb5e34d3fdf72c08",
		"SpanID": "fa937986bd65af71",
		"TraceFlags": "01",
		"TraceState": "",
		"Remote": false
	},
	"Parent": {
		"TraceID": "bee30b38fa94d25ebb5e34d3fdf72c08",
		"SpanID": "80c489489bf4c865",
		"TraceFlags": "01",
		"TraceState": "",
		"Remote": false
	},
	"SpanKind": 1,
	"StartTime": "0001-01-01T00:00:00Z",
	"EndTime": "0001-01-01T00:00:00Z",
	"Attributes": [
		{
			"Key": "request.number",
			"Value": {
				"Type": "STRING",
				"Value": "6"
			}
		}
	],
	"Events": null,
	"Links": null,
	"Status": {
		"Code": "Unset",
		"Description": ""
	},
	"DroppedAttributes": 0,
	"DroppedEvents": 0,
	"DroppedLinks": 0,
	"ChildSpanCount": 0,
	"Resource": [
		{
			"Key": "environment",
			"Value": {
				"Type": "STRING",
				"Value": "demo"
			}
		},
		{
			"Key": "service.name",
			"Value": {
				"Type": "STRING",
				"Value": "fib"
			}
		},
		{
			"Key": "service.version",
			"Value": {
				"Type": "STRING",
				"Value": "v0.1.0"
			}
		},
		{
			"Key": "telemetry.sdk.language",
			"Value": {
				"Type": "STRING",
				"Value": "go"
			}
		},
		{
			"Key": "telemetry.sdk.name",
			"Value": {
				"Type": "STRING",
				"Value": "opentelemetry"
			}
		},
		{
			"Key": "telemetry.sdk.version",
			"Value": {
				"Type": "STRING",
				"Value": "1.11.1"
			}
		}
	],
	"InstrumentationLibrary": {
		"Name": "fib",
		"Version": "",
		"SchemaURL": ""
	}
}
{
	"Name": "Fibonacci",
	"SpanContext": {
		"TraceID": "bee30b38fa94d25ebb5e34d3fdf72c08",
		"SpanID": "af6dadc7d123ea2d",
		"TraceFlags": "01",
		"TraceState": "",
		"Remote": false
	},
	"Parent": {
		"TraceID": "bee30b38fa94d25ebb5e34d3fdf72c08",
		"SpanID": "cc44a4a6dbd5ae53",
		"TraceFlags": "01",
		"TraceState": "",
		"Remote": false
	},
	"SpanKind": 1,
	"StartTime": "0001-01-01T00:00:00Z",
	"EndTime": "0001-01-01T00:00:00Z",
	"Attributes": null,
	"Events": null,
	"Links": null,
	"Status": {
		"Code": "Unset",
		"Description": ""
	},
	"DroppedAttributes": 0,
	"DroppedEvents": 0,
	"DroppedLinks": 0,
	"ChildSpanCount": 0,
	"Resource": [
		{
			"Key": "environment",
			"Value": {
				"Type": "STRING",
				"Value": "demo"
			}
		},
		{
			"Key": "service.name",
			"Value": {
				"Type": "STRING",
				"Value": "fib"
			}
		},
		{
			"Key": "service.version",
			"Value": {
				"Type": "STRING",
				"Value": "v0.1.0"
			}
		},
		{
			"Key": "telemetry.sdk.language",
			"Value": {
				"Type": "STRING",
				"Value": "go"
			}
		},
		{
			"Key": "telemetry.sdk.name",
			"Value": {
				"Type": "STRING",
				"Value": "opentelemetry"
			}
		},
		{
			"Key": "telemetry.sdk.version",
			"Value": {
				"Type": "STRING",
				"Value": "1.11.1"
			}
		}
	],
	"InstrumentationLibrary": {
		"Name": "fib",
		"Version": "",
		"SchemaURL": ""
	}
}
{
	"Name": "Write",
	"SpanContext": {
		"TraceID": "bee30b38fa94d25ebb5e34d3fdf72c08",
		"SpanID": "cc44a4a6dbd5ae53",
		"TraceFlags": "01",
		"TraceState": "",
		"Remote": false
	},
	"Parent": {
		"TraceID": "bee30b38fa94d25ebb5e34d3fdf72c08",
		"SpanID": "80c489489bf4c865",
		"TraceFlags": "01",
		"TraceState": "",
		"Remote": false
	},
	"SpanKind": 1,
	"StartTime": "0001-01-01T00:00:00Z",
	"EndTime": "0001-01-01T00:00:00Z",
	"Attributes": null,
	"Events": null,
	"Links": null,
	"Status": {
		"Code": "Unset",
		"Description": ""
	},
	"DroppedAttributes": 0,
	"DroppedEvents": 0,
	"DroppedLinks": 0,
	"ChildSpanCount": 1,
	"Resource": [
		{
			"Key": "environment",
			"Value": {
				"Type": "STRING",
				"Value": "demo"
			}
		},
		{
			"Key": "service.name",
			"Value": {
				"Type": "STRING",
				"Value": "fib"
			}
		},
		{
			"Key": "service.version",
			"Value": {
				"Type": "STRING",
				"Value": "v0.1.0"
			}
		},
		{
			"Key": "telemetry.sdk.language",
			"Value": {
				"Type": "STRING",
				"Value": "go"
			}
		},
		{
			"Key": "telemetry.sdk.name",
			"Value": {
				"Type": "STRING",
				"Value": "opentelemetry"
			}
		},
		{
			"Key": "telemetry.sdk.version",
			"Value": {
				"Type": "STRING",
				"Value": "1.11.1"
			}
		}
	],
	"InstrumentationLibrary": {
		"Name": "fib",
		"Version": "",
		"SchemaURL": ""
	}
}
{
	"Name": "Run",
	"SpanContext": {
		"TraceID": "bee30b38fa94d25ebb5e34d3fdf72c08",
		"SpanID": "80c489489bf4c865",
		"TraceFlags": "01",
		"TraceState": "",
		"Remote": false
	},
	"Parent": {
		"TraceID": "00000000000000000000000000000000",
		"SpanID": "0000000000000000",
		"TraceFlags": "00",
		"TraceState": "",
		"Remote": false
	},
	"SpanKind": 1,
	"StartTime": "0001-01-01T00:00:00Z",
	"EndTime": "0001-01-01T00:00:00Z",
	"Attributes": null,
	"Events": null,
	"Links": null,
	"Status": {
		"Code": "Unset",
		"Description": ""
	},
	"DroppedAttributes": 0,
	"DroppedEvents": 0,
	"DroppedLinks": 0,
	"ChildSpanCount": 2,
	"Resource": [
		{
			"Key": "environment",
			"Value": {
				"Type": "STRING",
				"Value": "demo"
			}
		},
		{
			"Key": "service.name",
			"Value": {
				"Type": "STRING",
				"Value": "fib"
			}
		},
		{
			"Key": "service.version",
			"Value": {
				"Type": "STRING",
				"Value": "v0.1.0"
			}
		},
		{
			"Key": "telemetry.sdk.language",
			"Value": {
				"Type": "STRING",
				"Value": "go"
			}
		},
		{
			"Key": "telemetry.sdk.name",
			"Value": {
				"Type": "STRING",
				"Value": "opentelemetry"
			}
		},
		{
			"Key": "telemetry.sdk.version",
			"Value": {
				"Type": "STRING",
				"Value": "1.11.1"
			}
		}
	],
	"InstrumentationLibrary": {
		"Name": "fib",
		"Version": "",
		"SchemaURL": ""
	}
}
{
	"Name": "Poll",
	"SpanContext": {
		"TraceID": "869b7aeea420797af674bb7cd5144433",
		"SpanID": "ec1ba85a1ccfc46b",
		"TraceFlags": "01",
		"TraceState": "",
		"Remote": false
	},
	"Parent": {
		"TraceID": "869b7aeea420797af674bb7cd5144433",
		"SpanID": "74f4f03ff8ef1540",
		"TraceFlags": "01",
		"TraceState": "",
		"Remote": false
	},
	"SpanKind": 1,
	"StartTime": "0001-01-01T00:00:00Z",
	"EndTime": "0001-01-01T00:00:00Z",
	"Attributes": [
		{
			"Key": "request.number",
			"Value": {
				"Type": "STRING",
				"Value": "7"
			}
		}
	],
	"Events": null,
	"Links": null,
	"Status": {
		"Code": "Unset",
		"Description": ""
	},
	"DroppedAttributes": 0,
	"DroppedEvents": 0,
	"DroppedLinks": 0,
	"ChildSpanCount": 0,
	"Resource": [
		{
			"Key": "environment",
			"Value": {
				"Type": "STRING",
				"Value": "demo"
			}
		},
		{
			"Key": "service.name",
			"Value": {
				"Type": "STRING",
				"Value": "fib"
			}
		},
		{
			"Key": "service.version",
			"Value": {
				"Type": "STRING",
				"Value": "v0.1.0"
			}
		},
		{
			"Key": "telemetry.sdk.language",
			"Value": {
				"Type": "STRING",
				"Value": "go"
			}
		},
		{
			"Key": "telemetry.sdk.name",
			"Value": {
				"Type": "STRING",
				"Value": "opentelemetry"
			}
		},
		{
			"Key": "telemetry.sdk.version",
			"Value": {
				"Type": "STRING",
				"Value": "1.11.1"
			}
		}
	],
	"InstrumentationLibrary": {
		"Name": "fib",
		"Version": "",
		"SchemaURL": ""
	}
}
{
	"Name": "Fibonacci",
	"SpanContext": {
		"TraceID": "869b7aeea420797af674bb7cd5144433",
		"SpanID": "555703eb1ed792ff",
		"TraceFlags": "01",
		"TraceState": "",
		"Remote": false
	},
	"Parent": {
		"TraceID": "869b7aeea420797af674bb7cd5144433",
		"SpanID": "cce53c9d5e79572f",
		"TraceFlags": "01",
		"TraceState": "",
		"Remote": false
	},
	"SpanKind": 1,
	"StartTime": "0001-01-01T00:00:00Z",
	"EndTime": "0001-01-01T00:00:00Z",
	"Attributes": null,
	"Events": null,
	"Links": null,
	"Status": {
		"Code": "Unset",
		"Description": ""
	},
	"DroppedAttributes": 0,
	"DroppedEvents": 0,
	"DroppedLinks": 0,
	"ChildSpanCount": 0,
	"Resource": [
		{
			"Key": "environment",
			"Value": {
				"Type": "STRING",
				"Value": "demo"
			}
		},
		{
			"Key": "service.name",
			"Value": {
				"Type": "STRING",
				"Value": "fib"
			}
		},
		{
			"Key": "service.version",
			"Value": {
				"Type": "STRING",
				"Value": "v0.1.0"
			}
		},
		{
			"Key": "telemetry.sdk.language",
			"Value": {
				"Type": "STRING",
				"Value": "go"
			}
		},
		{
			"Key": "telemetry.sdk.name",
			"Value": {
				"Type": "STRING",
				"Value": "opentelemetry"
			}
		},
		{
			"Key": "telemetry.sdk.version",
			"Value": {
				"Type": "STRING",
				"Value": "1.11.1"
			}
		}
	],
	"InstrumentationLibrary": {
		"Name": "fib",
		"Version": "",
		"SchemaURL": ""
	}
}
{
	"Name": "Write",
	"SpanContext": {
		"TraceID": "869b7aeea420797af674bb7cd5144433",
		"SpanID": "cce53c9d5e79572f",
		"TraceFlags": "01",
		"TraceState": "",
		"Remote": false
	},
	"Parent": {
		"TraceID": "869b7aeea420797af674bb7cd5144433",
		"SpanID": "74f4f03ff8ef1540",
		"TraceFlags": "01",
		"TraceState": "",
		"Remote": false
	},
	"SpanKind": 1,
	"StartTime": "0001-01-01T00:00:00Z",
	"EndTime": "0001-01-01T00:00:00Z",
	"Attributes": null,
	"Events": null,
	"Links": null,
	"Status": {
		"Code": "Unset",
		"Description": ""
	},
	"DroppedAttributes": 0,
	"DroppedEvents": 0,
	"DroppedLinks": 0,
	"ChildSpanCount": 1,
	"Resource": [
		{
			"Key": "environment",
			"Value": {
				"Type": "STRING",
				"Value": "demo"
			}
		},
		{
			"Key": "service.name",
			"Value": {
				"Type": "STRING",
				"Value": "fib"
			}
		},
		{
			"Key": "service.version",
			"Value": {
				"Type": "STRING",
				"Value": "v0.1.0"
			}
		},
		{
			"Key": "telemetry.sdk.language",
			"Value": {
				"Type": "STRING",
				"Value": "go"
			}
		},
		{
			"Key": "telemetry.sdk.name",
			"Value": {
				"Type": "STRING",
				"Value": "opentelemetry"
			}
		},
		{
			"Key": "telemetry.sdk.version",
			"Value": {
				"Type": "STRING",
				"Value": "1.11.1"
			}
		}
	],
	"InstrumentationLibrary": {
		"Name": "fib",
		"Version": "",
		"SchemaURL": ""
	}
}
{
	"Name": "Run",
	"SpanContext": {
		"TraceID": "869b7aeea420797af674bb7cd5144433",
		"SpanID": "74f4f03ff8ef1540",
		"TraceFlags": "01",
		"TraceState": "",
		"Remote": false
	},
	"Parent": {
		"TraceID": "00000000000000000000000000000000",
		"SpanID": "0000000000000000",
		"TraceFlags": "00",
		"TraceState": "",
		"Remote": false
	},
	"SpanKind": 1,
	"StartTime": "0001-01-01T00:00:00Z",
	"EndTime": "0001-01-01T00:00:00Z",
	"Attributes": null,
	"Events": null,
	"Links": null,
	"Status": {
		"Code": "Unset",
		"Description": ""
	},
	"DroppedAttributes": 0,
	"DroppedEvents": 0,
	"DroppedLinks": 0,
	"ChildSpanCount": 2,
	"Resource": [
		{
			"Key": "environment",
			"Value": {
				"Type": "STRING",
				"Value": "demo"
			}
		},
		{
			"Key": "service.name",
			"Value": {
				"Type": "STRING",
				"Value": "fib"
			}
		},
		{
			"Key": "service.version",
			"Value": {
				"Type": "STRING",
				"Value": "v0.1.0"
			}
		},
		{
			"Key": "telemetry.sdk.language",
			"Value": {
				"Type": "STRING",
				"Value": "go"
			}
		},
		{
			"Key": "telemetry.sdk.name",
			"Value": {
				"Type": "STRING",
				"Value": "opentelemetry"
			}
		},
		{
			"Key": "telemetry.sdk.version",
			"Value": {
				"Type": "STRING",
				"Value": "1.11.1"
			}
		}
	],
	"InstrumentationLibrary": {
		"Name": "fib",
		"Version": "",
		"SchemaURL": ""
	}
}
